<?xml version="1.0" encoding="UTF-8"?>
<!-- Generated by org.testng.reporters.JUnitXMLReporter -->
<testsuite ignored="2" hostname="Pooja-Pathange" failures="0" tests="2" name="Test" time="40.628" errors="0" timestamp="2020-11-15T16:08:30 VET">
  <testcase classname="MAF.Tests.AxiomDemoScenario1" name="AxiomTestScenario1" time="19.094"/>
  <testcase classname="MAF.Tests.AxiomDemoScenario2" name="AxiomTestScenario2" time="19.474"/>
  <testcase classname="MAF.BasePackage.ProjectBaseClass" name="@BeforeTest Setup" time="0.0">
    <ignored/>
  </testcase> <!-- @BeforeTest Setup -->
  <testcase classname="MAF.BasePackage.ProjectBaseClass" name="@AfterSuite TearDown" time="0.0">
    <ignored/>
  </testcase> <!-- @AfterSuite TearDown -->
</testsuite> <!-- Test -->
