<?xml version="1.0" encoding="UTF-8"?>
<!-- Generated by org.testng.reporters.JUnitXMLReporter -->
<testsuite ignored="2" hostname="Ashwin" failures="0" tests="2" name="Test" time="38.137" errors="0" timestamp="2021-06-05T20:10:00 VET">
  <testcase classname="MAF.Tests.AxiomDemoScenario1" name="AxiomTestScenario1" time="17.438"/>
  <testcase classname="MAF.Tests.AxiomDemoScenario2" name="AxiomTestScenario2" time="19.713"/>
  <testcase classname="MAF.BasePackage.ProjectBaseClass" name="@BeforeTest Setup" time="0.0">
    <ignored/>
  </testcase> <!-- @BeforeTest Setup -->
  <testcase classname="MAF.BasePackage.ProjectBaseClass" name="@AfterSuite TearDown" time="0.0">
    <ignored/>
  </testcase> <!-- @AfterSuite TearDown -->
</testsuite> <!-- Test -->
