<?xml version="1.0" encoding="UTF-8"?>
<testng-results ignored="2" total="4" passed="2" failed="0" skipped="0">
  <reporter-output>
  </reporter-output>
  <suite started-at="2021-06-05T20:09:21 VET" name="Suite" finished-at="2021-06-05T20:09:59 VET" duration-ms="38137">
    <groups>
    </groups>
    <test started-at="2021-06-05T20:09:21 VET" name="Test" finished-at="2021-06-05T20:09:59 VET" duration-ms="38137">
      <class name="MAF.Tests.AxiomDemoScenario2">
        <test-method signature="AxiomTestScenario2()[pri:2, instance:MAF.Tests.AxiomDemoScenario2@48aaecc3]" started-at="2021-06-05T20:09:40 VET" name="AxiomTestScenario2" finished-at="2021-06-05T20:09:59 VET" duration-ms="19713" status="PASS">
          <reporter-output>
          </reporter-output>
        </test-method> <!-- AxiomTestScenario2 -->
      </class> <!-- MAF.Tests.AxiomDemoScenario2 -->
      <class name="MAF.Tests.AxiomDemoScenario1">
        <test-method is-config="true" signature="Setup()[pri:0, instance:MAF.Tests.AxiomDemoScenario1@60d8c9b7]" started-at="2021-06-05T20:09:21 VET" name="Setup" finished-at="2021-06-05T20:09:22 VET" duration-ms="631" status="PASS">
          <reporter-output>
          </reporter-output>
        </test-method> <!-- Setup -->
        <test-method signature="AxiomTestScenario1()[pri:1, instance:MAF.Tests.AxiomDemoScenario1@60d8c9b7]" started-at="2021-06-05T20:09:22 VET" name="AxiomTestScenario1" finished-at="2021-06-05T20:09:39 VET" duration-ms="17438" status="PASS">
          <reporter-output>
          </reporter-output>
        </test-method> <!-- AxiomTestScenario1 -->
        <test-method is-config="true" signature="TearDown()[pri:0, instance:MAF.Tests.AxiomDemoScenario1@60d8c9b7]" started-at="2021-06-05T20:10:00 VET" name="TearDown" finished-at="2021-06-05T20:10:00 VET" duration-ms="522" status="PASS">
          <reporter-output>
          </reporter-output>
        </test-method> <!-- TearDown -->
      </class> <!-- MAF.Tests.AxiomDemoScenario1 -->
    </test> <!-- Test -->
  </suite> <!-- Suite -->
</testng-results>
