<?xml version="1.0" encoding="UTF-8"?>
<testng-results ignored="2" total="4" passed="2" failed="0" skipped="0">
  <reporter-output>
  </reporter-output>
  <suite started-at="2020-11-15T16:07:50 VET" name="Suite" finished-at="2020-11-15T16:08:30 VET" duration-ms="40628">
    <groups>
    </groups>
    <test started-at="2020-11-15T16:07:50 VET" name="Test" finished-at="2020-11-15T16:08:30 VET" duration-ms="40628">
      <class name="MAF.Tests.AxiomDemoScenario2">
        <test-method signature="AxiomTestScenario2()[pri:2, instance:MAF.Tests.AxiomDemoScenario2@20d28811]" started-at="2020-11-15T16:08:11 VET" name="AxiomTestScenario2" finished-at="2020-11-15T16:08:30 VET" duration-ms="19474" status="PASS">
          <reporter-output>
          </reporter-output>
        </test-method> <!-- AxiomTestScenario2 -->
      </class> <!-- MAF.Tests.AxiomDemoScenario2 -->
      <class name="MAF.Tests.AxiomDemoScenario1">
        <test-method is-config="true" signature="Setup()[pri:0, instance:MAF.Tests.AxiomDemoScenario1@3cc2931c]" started-at="2020-11-15T16:07:50 VET" name="Setup" finished-at="2020-11-15T16:07:51 VET" duration-ms="1189" status="PASS">
          <reporter-output>
          </reporter-output>
        </test-method> <!-- Setup -->
        <test-method signature="AxiomTestScenario1()[pri:1, instance:MAF.Tests.AxiomDemoScenario1@3cc2931c]" started-at="2020-11-15T16:07:51 VET" name="AxiomTestScenario1" finished-at="2020-11-15T16:08:10 VET" duration-ms="19094" status="PASS">
          <reporter-output>
          </reporter-output>
        </test-method> <!-- AxiomTestScenario1 -->
        <test-method is-config="true" signature="TearDown()[pri:0, instance:MAF.Tests.AxiomDemoScenario1@3cc2931c]" started-at="2020-11-15T16:08:31 VET" name="TearDown" finished-at="2020-11-15T16:08:31 VET" duration-ms="292" status="PASS">
          <reporter-output>
          </reporter-output>
        </test-method> <!-- TearDown -->
      </class> <!-- MAF.Tests.AxiomDemoScenario1 -->
    </test> <!-- Test -->
  </suite> <!-- Suite -->
</testng-results>
