<?xml version="1.0" encoding="UTF-8"?>
<testsuite xmlns:xsi="http://www.w3.org/2001/XMLSchema-instance" xsi:noNamespaceSchemaLocation="https://maven.apache.org/surefire/maven-surefire-plugin/xsd/surefire-test-report-3.0.xsd" version="3.0" name="TestSuite" time="39.548" tests="2" errors="0" skipped="0" failures="0">
  <properties>
[...]
</properties>
  <testcase name="AxiomTestScenario1" classname="MAF.Tests.AxiomDemoScenario1" time="17.77"/>
  <testcase name="AxiomTestScenario2" classname="MAF.Tests.AxiomDemoScenario2" time="19.714"/>
</testsuite>